<?xml version="1.0" encoding="UTF-8"?>
<!-- Generated by org.testng.reporters.JUnitReportReporter -->
<testsuite skipped="0" hostname="DESKTOP-7GP1KNR" name="TestNG.addbook" tests="1" failures="0" timestamp="11 Sep 2019 02:03:07 GMT" time="15.271" errors="0">
  <testcase name="verifyaddbook" time="15.271" classname="TestNG.addbook"/>
</testsuite> <!-- TestNG.addbook -->
